#
# A fatal error has been detected by the Java Runtime Environment:
#
#  EXCEPTION_ACCESS_VIOLATION (0xc0000005) at pc=0x00007ffb5a759ebf, pid=1048, tid=9736
#
# JRE version: Java(TM) SE Runtime Environment (12.0.2+10) (build 12.0.2+10)
# Java VM: Java HotSpot(TM) 64-Bit Server VM (12.0.2+10, mixed mode, sharing, tiered, compressed oops, g1 gc, windows-amd64)
# Problematic frame:
# C  [ntdll.dll+0xa9ebf]
#
# No core dump will be written. Minidumps are not enabled by default on client versions of Windows
#
# If you would like to submit a bug report, please visit:
#   http://bugreport.java.com/bugreport/crash.jsp
# The crash happened outside the Java Virtual Machine in native code.
# See problematic frame for where to report the bug.
#

---------------  S U M M A R Y ------------

Command Line: -Djava.library.path=C:\Users\giova\Documents\R\win-library\3.6\rJava\jri -Dfile.encoding=Cp1252 com.project.program.Main

Host: Intel(R) Core(TM) i7-8565U CPU @ 1.80GHz, 8 cores, 7G,  Windows 10 , 64 bit Build 17763 (10.0.17763.1)
Time: Mon Aug  5 09:37:35 2019 ora legale Europa occidentale elapsed time: 19 seconds (0d 0h 0m 19s)

---------------  T H R E A D  ---------------

Current thread (0x000002399aa46800):  JavaThread "main" [_thread_in_native, id=9736, stack(0x00000064f5b00000,0x00000064f5c00000)]

Stack: [0x00000064f5b00000,0x00000064f5c00000],  sp=0x00000064f5bee0b0,  free space=952k
Native frames: (J=compiled Java code, j=interpreted, Vv=VM code, C=native code)
C  [ntdll.dll+0xa9ebf]
C  [msvcrt.dll+0x7337d]
C  [R.dll+0x95573]

Java frames: (J=compiled Java code, j=interpreted, Vv=VM code)
j  org.rosuda.JRI.Rengine.rniParse(Ljava/lang/String;I)J+0
j  org.rosuda.JRI.Rengine.eval(Ljava/lang/String;Z)Lorg/rosuda/JRI/REXP;+53
j  org.rosuda.JRI.Rengine.eval(Ljava/lang/String;)Lorg/rosuda/JRI/REXP;+3
j  com.project.program.Main.ReadMidiByPkg(Lorg/rosuda/JRI/Rengine;)V+63
j  com.project.program.Main.main([Ljava/lang/String;)V+18
v  ~StubRoutines::call_stub

siginfo: EXCEPTION_ACCESS_VIOLATION (0xc0000005), reading address 0x00000064f5c00000


Register to memory mapping:

RIP=0x00007ffb5a759ebf ntdll.dll
RAX=0x0 is NULL
RBX=0x0 is NULL
RCX=0x00000064f5c00000 is pointing into the stack for thread: 0x000002399aa46800
RDX=0x00000064f5bee5f8 is pointing into the stack for thread: 0x000002399aa46800
RSP=0x00000064f5bee0b0 is pointing into the stack for thread: 0x000002399aa46800
RBP=0x00000064f5bee5f0 is pointing into the stack for thread: 0x000002399aa46800
RSI=0x00000064f6cfede8 is pointing into the stack for thread: 0x00000239ba152000
RDI=0x00000064f5c00000 is pointing into the stack for thread: 0x000002399aa46800
R8 =0x00007ffb5a8284f8 ntdll.dll
R9 =0x0 is NULL
R10=0x0 is NULL
R11=0x00007ffb5a8284e0 ntdll.dll
R12=0x00000064f5bee0f0 is pointing into the stack for thread: 0x000002399aa46800
R13=0x00000064f5bee820 is pointing into the stack for thread: 0x000002399aa46800
R14=0x00000064f5bffb00 is pointing into the stack for thread: 0x000002399aa46800
R15=0x0 is NULL


Registers:
RAX=0x0000000000000000, RBX=0x0000000000000000, RCX=0x00000064f5c00000, RDX=0x00000064f5bee5f8
RSP=0x00000064f5bee0b0, RBP=0x00000064f5bee5f0, RSI=0x00000064f6cfede8, RDI=0x00000064f5c00000
R8 =0x00007ffb5a8284f8, R9 =0x0000000000000000, R10=0x0000000000000000, R11=0x00007ffb5a8284e0
R12=0x00000064f5bee0f0, R13=0x00000064f5bee820, R14=0x00000064f5bffb00, R15=0x0000000000000000
RIP=0x00007ffb5a759ebf, EFLAGS=0x0000000000010246

Top of Stack: (sp=0x00000064f5bee0b0)
0x00000064f5bee0b0:   00000064f5bee5f0 00000064f6cfede8
0x00000064f5bee0c0:   0000000000000000 00000064f5c00000
0x00000064f5bee0d0:   00000239bc3ca2f8 00000239bd553f98
0x00000064f5bee0e0:   00000239ba4d1d68 00000239bd5b7f48
0x00000064f5bee0f0:   00007ff4d6f03230 0000000000000004
0x00000064f5bee100:   00007ff4d6f032a0 000000006e58a5f0
0x00000064f5bee110:   00000239bd554fd8 00000239bb7d4640
0x00000064f5bee120:   00001fa00010000f 00000239bd550033
0x00000064f5bee130:   00000206002b4640 00000239ba4d1dd8
0x00000064f5bee140:   000000006e58a600 000000006c87f7db
0x00000064f5bee150:   0000000000000000 0000000000000000
0x00000064f5bee160:   0000000000000000 0000000000000001
0x00000064f5bee170:   000000006e58a3a0 0000000000000001
0x00000064f5bee180:   0000000000000000 00000064f5c00000
0x00000064f5bee190:   0000000000000000 0000000000000000
0x00000064f5bee1a0:   0000000000000000 0000002300000007 

Instructions: (pc=0x00007ffb5a759ebf)
0x00007ffb5a759dbf:   c7 44 24 30 00 00 00 00 45 8b c2 48 c7 44 24 28
0x00007ffb5a759dcf:   00 00 00 00 4c 8b cb 49 8b cb 4c 89 6c 24 20 e8
0x00007ffb5a759ddf:   f5 40 ff ff 4c 8b 5d 08 e9 3e c1 f5 ff ff c3 0f
0x00007ffb5a759def:   b7 4c 5f 04 c1 e1 10 03 d1 e9 b0 c2 f5 ff 83 c3
0x00007ffb5a759dff:   02 44 0f b7 44 5f 04 8d 43 ff 0f b7 54 47 04 49
0x00007ffb5a759e0f:   c1 e0 10 4b 8d 04 06 48 8b 04 02 4b 89 44 cd 78
0x00007ffb5a759e1f:   e9 88 bf f5 ff 83 c3 02 e9 83 bf f5 ff 83 c3 02
0x00007ffb5a759e2f:   41 8b c9 48 c1 e1 04 48 81 c1 a0 01 00 00 0f b7
0x00007ffb5a759e3f:   54 5f 04 8d 43 ff 44 0f b7 44 47 04 48 c1 e2 10
0x00007ffb5a759e4f:   49 8d 04 16 4c 03 c0 49 03 cd 49 8b 00 48 89 01
0x00007ffb5a759e5f:   49 8b 40 08 48 89 41 08 e9 43 bf f5 ff 48 83 c0
0x00007ffb5a759e6f:   08 48 83 c1 08 e9 13 c8 f5 ff 0f b7 4a 04 e8 7a
0x00007ffb5a759e7f:   42 ff ff 03 d8 e9 28 bf f5 ff ff c0 e9 52 c5 f5
0x00007ffb5a759e8f:   ff f6 00 01 0f 84 6e bf f5 ff 48 83 40 08 08 e9
0x00007ffb5a759e9f:   64 bf f5 ff b3 01 e9 4d c1 f5 ff 83 e0 bf 41 89
0x00007ffb5a759eaf:   44 24 30 e9 74 c1 f5 ff 49 8b 8c 24 98 00 00 00
0x00007ffb5a759ebf:   48 8b 01 49 89 84 24 f8 00 00 00 48 8d 41 08 49
0x00007ffb5a759ecf:   8b cc 49 89 84 24 98 00 00 00 e8 5a 97 f5 ff 90
0x00007ffb5a759edf:   e9 80 c1 f5 ff b9 26 00 00 c0 e8 62 42 ff ff cc
0x00007ffb5a759eef:   4c 3b f6 0f 84 2f c2 f5 ff 4d 3b bc 24 f8 00 00
0x00007ffb5a759eff:   00 74 3f 48 8b 4d 48 45 33 c0 49 8b d4 e8 cf 79
0x00007ffb5a759f0f:   ff ff 48 8b 8d 80 01 00 00 48 33 cd e8 e0 4f fe
0x00007ffb5a759f1f:   ff 48 8b 9d d0 01 00 00 48 8d a5 90 01 00 00 41
0x00007ffb5a759f2f:   5f 41 5e 41 5d 41 5c 5f 5e 5d c3 b9 0d 00 00 00
0x00007ffb5a759f3f:   cd 29 b9 ff 00 00 c0 e8 05 42 ff ff cc 45 33 c9
0x00007ffb5a759f4f:   48 89 74 24 30 48 8d 8a d0 04 00 00 c7 43 30 40
0x00007ffb5a759f5f:   00 10 00 41 b8 d8 03 fe 7f 41 8d 51 0b e8 7f e3
0x00007ffb5a759f6f:   f5 ff 45 33 c9 48 8d 8b d0 04 00 00 41 b8 d8 03
0x00007ffb5a759f7f:   fe 7f 48 8b f0 41 8d 51 0b e8 63 e3 f5 ff 48 85
0x00007ffb5a759f8f:   f6 74 2e 48 85 c0 74 29 0f 10 06 0f 11 00 48 63
0x00007ffb5a759f9f:   87 e0 04 00 00 48 63 93 e0 04 00 00 8b 8c 38 d0
0x00007ffb5a759faf:   04 00 00 81 e1 00 08 00 00 48 09 8c 1a d0 04 00 


Stack slot to memory mapping:
stack at sp + 0 slots: 0x00000064f5bee5f0 is pointing into the stack for thread: 0x000002399aa46800
stack at sp + 1 slots: 0x00000064f6cfede8 is pointing into the stack for thread: 0x00000239ba152000
stack at sp + 2 slots: 0x0 is NULL
stack at sp + 3 slots: 0x00000064f5c00000 is pointing into the stack for thread: 0x000002399aa46800
stack at sp + 4 slots: 0x00000239bc3ca2f8 points into unknown readable memory: 06 00 00 01 00 00 00 00
stack at sp + 5 slots: 0x00000239bd553f98 points into unknown readable memory: 02 01 00 00 00 00 00 00
stack at sp + 6 slots: 0x00000239ba4d1d68 points into unknown readable memory: 01 00 00 01 00 00 00 00
stack at sp + 7 slots: 0x00000239bd5b7f48 points into unknown readable memory: 04 00 10 00 00 00 00 00


---------------  P R O C E S S  ---------------

Threads class SMR info:
_java_thread_list=0x00000239ba1255a0, length=11, elements={
0x000002399aa46800, 0x00000239b9686000, 0x00000239b9687000, 0x00000239b96a0000,
0x00000239b96a1800, 0x00000239b96a3800, 0x00000239b9fd9000, 0x00000239b9fe2000,
0x00000239ba117000, 0x00000239ba12c000, 0x00000239ba152000
}

Java Threads: ( => current thread )
=>0x000002399aa46800 JavaThread "main" [_thread_in_native, id=9736, stack(0x00000064f5b00000,0x00000064f5c00000)]
  0x00000239b9686000 JavaThread "Reference Handler" daemon [_thread_blocked, id=2632, stack(0x00000064f6200000,0x00000064f6300000)]
  0x00000239b9687000 JavaThread "Finalizer" daemon [_thread_blocked, id=9204, stack(0x00000064f6300000,0x00000064f6400000)]
  0x00000239b96a0000 JavaThread "Signal Dispatcher" daemon [_thread_blocked, id=3824, stack(0x00000064f6400000,0x00000064f6500000)]
  0x00000239b96a1800 JavaThread "Attach Listener" daemon [_thread_blocked, id=2524, stack(0x00000064f6500000,0x00000064f6600000)]
  0x00000239b96a3800 JavaThread "C2 CompilerThread0" daemon [_thread_blocked, id=7508, stack(0x00000064f6600000,0x00000064f6700000)]
  0x00000239b9fd9000 JavaThread "C1 CompilerThread0" daemon [_thread_blocked, id=9980, stack(0x00000064f6700000,0x00000064f6800000)]
  0x00000239b9fe2000 JavaThread "Sweeper thread" daemon [_thread_blocked, id=3196, stack(0x00000064f6800000,0x00000064f6900000)]
  0x00000239ba117000 JavaThread "Service Thread" daemon [_thread_blocked, id=2212, stack(0x00000064f6900000,0x00000064f6a00000)]
  0x00000239ba12c000 JavaThread "Common-Cleaner" daemon [_thread_blocked, id=10284, stack(0x00000064f6b00000,0x00000064f6c00000)]
  0x00000239ba152000 JavaThread "Thread-0" [_thread_blocked, id=4212, stack(0x00000064f6c00000,0x00000064f6d00000)]

Other Threads:
  0x00000239b9684800 VMThread "VM Thread" [stack: 0x00000064f6100000,0x00000064f6200000] [id=7616]
  0x00000239ba118000 WatcherThread [stack: 0x00000064f6a00000,0x00000064f6b00000] [id=4320]
  0x000002399aa83800 GCTaskThread "GC Thread#0" [stack: 0x00000064f5c00000,0x00000064f5d00000] [id=3828]
  0x000002399aa92000 ConcurrentGCThread "G1 Main Marker" [stack: 0x00000064f5d00000,0x00000064f5e00000] [id=10828]
  0x000002399aa96800 ConcurrentGCThread "G1 Conc#0" [stack: 0x00000064f5e00000,0x00000064f5f00000] [id=2220]
  0x00000239b94fb800 ConcurrentGCThread "G1 Refine#0" [stack: 0x00000064f5f00000,0x00000064f6000000] [id=3152]
  0x00000239b94ff000 ConcurrentGCThread "G1 Young RemSet Sampling" [stack: 0x00000064f6000000,0x00000064f6100000] [id=4588]

Threads with active compile tasks:

VM state:not at safepoint (normal execution)

VM Mutex/Monitor currently owned by a thread: None

Heap address: 0x0000000082400000, size: 2012 MB, Compressed Oops mode: 32-bit
Narrow klass base: 0x0000000800000000, Narrow klass shift: 3
Compressed class space size: 1073741824 Address: 0x0000000801190000

Heap:
 garbage-first heap   total 129024K, used 1024K [0x0000000082400000, 0x0000000100000000)
  region size 1024K, 2 young (2048K), 0 survivors (0K)
 Metaspace       used 351K, capacity 4566K, committed 4864K, reserved 1056768K
  class space    used 17K, capacity 390K, committed 512K, reserved 1048576K
Heap Regions: E=young(eden), S=young(survivor), O=old, HS=humongous(starts), HC=humongous(continues), CS=collection set, F=free, A=archive, TAMS=top-at-mark-start (previous, next)
|   0|0x0000000082400000, 0x0000000082400000, 0x0000000082500000|  0%| F|  |TAMS 0x0000000082400000, 0x0000000082400000| Untracked 
|   1|0x0000000082500000, 0x0000000082500000, 0x0000000082600000|  0%| F|  |TAMS 0x0000000082500000, 0x0000000082500000| Untracked 
|   2|0x0000000082600000, 0x0000000082600000, 0x0000000082700000|  0%| F|  |TAMS 0x0000000082600000, 0x0000000082600000| Untracked 
|   3|0x0000000082700000, 0x0000000082700000, 0x0000000082800000|  0%| F|  |TAMS 0x0000000082700000, 0x0000000082700000| Untracked 
|   4|0x0000000082800000, 0x0000000082800000, 0x0000000082900000|  0%| F|  |TAMS 0x0000000082800000, 0x0000000082800000| Untracked 
|   5|0x0000000082900000, 0x0000000082900000, 0x0000000082a00000|  0%| F|  |TAMS 0x0000000082900000, 0x0000000082900000| Untracked 
|   6|0x0000000082a00000, 0x0000000082a00000, 0x0000000082b00000|  0%| F|  |TAMS 0x0000000082a00000, 0x0000000082a00000| Untracked 
|   7|0x0000000082b00000, 0x0000000082b00000, 0x0000000082c00000|  0%| F|  |TAMS 0x0000000082b00000, 0x0000000082b00000| Untracked 
|   8|0x0000000082c00000, 0x0000000082c00000, 0x0000000082d00000|  0%| F|  |TAMS 0x0000000082c00000, 0x0000000082c00000| Untracked 
|   9|0x0000000082d00000, 0x0000000082d00000, 0x0000000082e00000|  0%| F|  |TAMS 0x0000000082d00000, 0x0000000082d00000| Untracked 
|  10|0x0000000082e00000, 0x0000000082e00000, 0x0000000082f00000|  0%| F|  |TAMS 0x0000000082e00000, 0x0000000082e00000| Untracked 
|  11|0x0000000082f00000, 0x0000000082f00000, 0x0000000083000000|  0%| F|  |TAMS 0x0000000082f00000, 0x0000000082f00000| Untracked 
|  12|0x0000000083000000, 0x0000000083000000, 0x0000000083100000|  0%| F|  |TAMS 0x0000000083000000, 0x0000000083000000| Untracked 
|  13|0x0000000083100000, 0x0000000083100000, 0x0000000083200000|  0%| F|  |TAMS 0x0000000083100000, 0x0000000083100000| Untracked 
|  14|0x0000000083200000, 0x0000000083200000, 0x0000000083300000|  0%| F|  |TAMS 0x0000000083200000, 0x0000000083200000| Untracked 
|  15|0x0000000083300000, 0x0000000083300000, 0x0000000083400000|  0%| F|  |TAMS 0x0000000083300000, 0x0000000083300000| Untracked 
|  16|0x0000000083400000, 0x0000000083400000, 0x0000000083500000|  0%| F|  |TAMS 0x0000000083400000, 0x0000000083400000| Untracked 
|  17|0x0000000083500000, 0x0000000083500000, 0x0000000083600000|  0%| F|  |TAMS 0x0000000083500000, 0x0000000083500000| Untracked 
|  18|0x0000000083600000, 0x0000000083600000, 0x0000000083700000|  0%| F|  |TAMS 0x0000000083600000, 0x0000000083600000| Untracked 
|  19|0x0000000083700000, 0x0000000083700000, 0x0000000083800000|  0%| F|  |TAMS 0x0000000083700000, 0x0000000083700000| Untracked 
|  20|0x0000000083800000, 0x0000000083800000, 0x0000000083900000|  0%| F|  |TAMS 0x0000000083800000, 0x0000000083800000| Untracked 
|  21|0x0000000083900000, 0x0000000083900000, 0x0000000083a00000|  0%| F|  |TAMS 0x0000000083900000, 0x0000000083900000| Untracked 
|  22|0x0000000083a00000, 0x0000000083a00000, 0x0000000083b00000|  0%| F|  |TAMS 0x0000000083a00000, 0x0000000083a00000| Untracked 
|  23|0x0000000083b00000, 0x0000000083b00000, 0x0000000083c00000|  0%| F|  |TAMS 0x0000000083b00000, 0x0000000083b00000| Untracked 
|  24|0x0000000083c00000, 0x0000000083c00000, 0x0000000083d00000|  0%| F|  |TAMS 0x0000000083c00000, 0x0000000083c00000| Untracked 
|  25|0x0000000083d00000, 0x0000000083d00000, 0x0000000083e00000|  0%| F|  |TAMS 0x0000000083d00000, 0x0000000083d00000| Untracked 
|  26|0x0000000083e00000, 0x0000000083e00000, 0x0000000083f00000|  0%| F|  |TAMS 0x0000000083e00000, 0x0000000083e00000| Untracked 
|  27|0x0000000083f00000, 0x0000000083f00000, 0x0000000084000000|  0%| F|  |TAMS 0x0000000083f00000, 0x0000000083f00000| Untracked 
|  28|0x0000000084000000, 0x0000000084000000, 0x0000000084100000|  0%| F|  |TAMS 0x0000000084000000, 0x0000000084000000| Untracked 
|  29|0x0000000084100000, 0x0000000084100000, 0x0000000084200000|  0%| F|  |TAMS 0x0000000084100000, 0x0000000084100000| Untracked 
|  30|0x0000000084200000, 0x0000000084200000, 0x0000000084300000|  0%| F|  |TAMS 0x0000000084200000, 0x0000000084200000| Untracked 
|  31|0x0000000084300000, 0x0000000084300000, 0x0000000084400000|  0%| F|  |TAMS 0x0000000084300000, 0x0000000084300000| Untracked 
|  32|0x0000000084400000, 0x0000000084400000, 0x0000000084500000|  0%| F|  |TAMS 0x0000000084400000, 0x0000000084400000| Untracked 
|  33|0x0000000084500000, 0x0000000084500000, 0x0000000084600000|  0%| F|  |TAMS 0x0000000084500000, 0x0000000084500000| Untracked 
|  34|0x0000000084600000, 0x0000000084600000, 0x0000000084700000|  0%| F|  |TAMS 0x0000000084600000, 0x0000000084600000| Untracked 
|  35|0x0000000084700000, 0x0000000084700000, 0x0000000084800000|  0%| F|  |TAMS 0x0000000084700000, 0x0000000084700000| Untracked 
|  36|0x0000000084800000, 0x0000000084800000, 0x0000000084900000|  0%| F|  |TAMS 0x0000000084800000, 0x0000000084800000| Untracked 
|  37|0x0000000084900000, 0x0000000084900000, 0x0000000084a00000|  0%| F|  |TAMS 0x0000000084900000, 0x0000000084900000| Untracked 
|  38|0x0000000084a00000, 0x0000000084a00000, 0x0000000084b00000|  0%| F|  |TAMS 0x0000000084a00000, 0x0000000084a00000| Untracked 
|  39|0x0000000084b00000, 0x0000000084b00000, 0x0000000084c00000|  0%| F|  |TAMS 0x0000000084b00000, 0x0000000084b00000| Untracked 
|  40|0x0000000084c00000, 0x0000000084c00000, 0x0000000084d00000|  0%| F|  |TAMS 0x0000000084c00000, 0x0000000084c00000| Untracked 
|  41|0x0000000084d00000, 0x0000000084d00000, 0x0000000084e00000|  0%| F|  |TAMS 0x0000000084d00000, 0x0000000084d00000| Untracked 
|  42|0x0000000084e00000, 0x0000000084e00000, 0x0000000084f00000|  0%| F|  |TAMS 0x0000000084e00000, 0x0000000084e00000| Untracked 
|  43|0x0000000084f00000, 0x0000000084f00000, 0x0000000085000000|  0%| F|  |TAMS 0x0000000084f00000, 0x0000000084f00000| Untracked 
|  44|0x0000000085000000, 0x0000000085000000, 0x0000000085100000|  0%| F|  |TAMS 0x0000000085000000, 0x0000000085000000| Untracked 
|  45|0x0000000085100000, 0x0000000085100000, 0x0000000085200000|  0%| F|  |TAMS 0x0000000085100000, 0x0000000085100000| Untracked 
|  46|0x0000000085200000, 0x0000000085200000, 0x0000000085300000|  0%| F|  |TAMS 0x0000000085200000, 0x0000000085200000| Untracked 
|  47|0x0000000085300000, 0x0000000085300000, 0x0000000085400000|  0%| F|  |TAMS 0x0000000085300000, 0x0000000085300000| Untracked 
|  48|0x0000000085400000, 0x0000000085400000, 0x0000000085500000|  0%| F|  |TAMS 0x0000000085400000, 0x0000000085400000| Untracked 
|  49|0x0000000085500000, 0x0000000085500000, 0x0000000085600000|  0%| F|  |TAMS 0x0000000085500000, 0x0000000085500000| Untracked 
|  50|0x0000000085600000, 0x0000000085600000, 0x0000000085700000|  0%| F|  |TAMS 0x0000000085600000, 0x0000000085600000| Untracked 
|  51|0x0000000085700000, 0x0000000085700000, 0x0000000085800000|  0%| F|  |TAMS 0x0000000085700000, 0x0000000085700000| Untracked 
|  52|0x0000000085800000, 0x0000000085800000, 0x0000000085900000|  0%| F|  |TAMS 0x0000000085800000, 0x0000000085800000| Untracked 
|  53|0x0000000085900000, 0x0000000085900000, 0x0000000085a00000|  0%| F|  |TAMS 0x0000000085900000, 0x0000000085900000| Untracked 
|  54|0x0000000085a00000, 0x0000000085a00000, 0x0000000085b00000|  0%| F|  |TAMS 0x0000000085a00000, 0x0000000085a00000| Untracked 
|  55|0x0000000085b00000, 0x0000000085b00000, 0x0000000085c00000|  0%| F|  |TAMS 0x0000000085b00000, 0x0000000085b00000| Untracked 
|  56|0x0000000085c00000, 0x0000000085c00000, 0x0000000085d00000|  0%| F|  |TAMS 0x0000000085c00000, 0x0000000085c00000| Untracked 
|  57|0x0000000085d00000, 0x0000000085d00000, 0x0000000085e00000|  0%| F|  |TAMS 0x0000000085d00000, 0x0000000085d00000| Untracked 
|  58|0x0000000085e00000, 0x0000000085e00000, 0x0000000085f00000|  0%| F|  |TAMS 0x0000000085e00000, 0x0000000085e00000| Untracked 
|  59|0x0000000085f00000, 0x0000000085f00000, 0x0000000086000000|  0%| F|  |TAMS 0x0000000085f00000, 0x0000000085f00000| Untracked 
|  60|0x0000000086000000, 0x0000000086000000, 0x0000000086100000|  0%| F|  |TAMS 0x0000000086000000, 0x0000000086000000| Untracked 
|  61|0x0000000086100000, 0x0000000086100000, 0x0000000086200000|  0%| F|  |TAMS 0x0000000086100000, 0x0000000086100000| Untracked 
|  62|0x0000000086200000, 0x0000000086200000, 0x0000000086300000|  0%| F|  |TAMS 0x0000000086200000, 0x0000000086200000| Untracked 
|  63|0x0000000086300000, 0x0000000086300000, 0x0000000086400000|  0%| F|  |TAMS 0x0000000086300000, 0x0000000086300000| Untracked 
|  64|0x0000000086400000, 0x0000000086400000, 0x0000000086500000|  0%| F|  |TAMS 0x0000000086400000, 0x0000000086400000| Untracked 
|  65|0x0000000086500000, 0x0000000086500000, 0x0000000086600000|  0%| F|  |TAMS 0x0000000086500000, 0x0000000086500000| Untracked 
|  66|0x0000000086600000, 0x0000000086600000, 0x0000000086700000|  0%| F|  |TAMS 0x0000000086600000, 0x0000000086600000| Untracked 
|  67|0x0000000086700000, 0x0000000086700000, 0x0000000086800000|  0%| F|  |TAMS 0x0000000086700000, 0x0000000086700000| Untracked 
|  68|0x0000000086800000, 0x0000000086800000, 0x0000000086900000|  0%| F|  |TAMS 0x0000000086800000, 0x0000000086800000| Untracked 
|  69|0x0000000086900000, 0x0000000086900000, 0x0000000086a00000|  0%| F|  |TAMS 0x0000000086900000, 0x0000000086900000| Untracked 
|  70|0x0000000086a00000, 0x0000000086a00000, 0x0000000086b00000|  0%| F|  |TAMS 0x0000000086a00000, 0x0000000086a00000| Untracked 
|  71|0x0000000086b00000, 0x0000000086b00000, 0x0000000086c00000|  0%| F|  |TAMS 0x0000000086b00000, 0x0000000086b00000| Untracked 
|  72|0x0000000086c00000, 0x0000000086c00000, 0x0000000086d00000|  0%| F|  |TAMS 0x0000000086c00000, 0x0000000086c00000| Untracked 
|  73|0x0000000086d00000, 0x0000000086d00000, 0x0000000086e00000|  0%| F|  |TAMS 0x0000000086d00000, 0x0000000086d00000| Untracked 
|  74|0x0000000086e00000, 0x0000000086e00000, 0x0000000086f00000|  0%| F|  |TAMS 0x0000000086e00000, 0x0000000086e00000| Untracked 
|  75|0x0000000086f00000, 0x0000000086f00000, 0x0000000087000000|  0%| F|  |TAMS 0x0000000086f00000, 0x0000000086f00000| Untracked 
|  76|0x0000000087000000, 0x0000000087000000, 0x0000000087100000|  0%| F|  |TAMS 0x0000000087000000, 0x0000000087000000| Untracked 
|  77|0x0000000087100000, 0x0000000087100000, 0x0000000087200000|  0%| F|  |TAMS 0x0000000087100000, 0x0000000087100000| Untracked 
|  78|0x0000000087200000, 0x0000000087200000, 0x0000000087300000|  0%| F|  |TAMS 0x0000000087200000, 0x0000000087200000| Untracked 
|  79|0x0000000087300000, 0x0000000087300000, 0x0000000087400000|  0%| F|  |TAMS 0x0000000087300000, 0x0000000087300000| Untracked 
|  80|0x0000000087400000, 0x0000000087400000, 0x0000000087500000|  0%| F|  |TAMS 0x0000000087400000, 0x0000000087400000| Untracked 
|  81|0x0000000087500000, 0x0000000087500000, 0x0000000087600000|  0%| F|  |TAMS 0x0000000087500000, 0x0000000087500000| Untracked 
|  82|0x0000000087600000, 0x0000000087600000, 0x0000000087700000|  0%| F|  |TAMS 0x0000000087600000, 0x0000000087600000| Untracked 
|  83|0x0000000087700000, 0x0000000087700000, 0x0000000087800000|  0%| F|  |TAMS 0x0000000087700000, 0x0000000087700000| Untracked 
|  84|0x0000000087800000, 0x0000000087800000, 0x0000000087900000|  0%| F|  |TAMS 0x0000000087800000, 0x0000000087800000| Untracked 
|  85|0x0000000087900000, 0x0000000087900000, 0x0000000087a00000|  0%| F|  |TAMS 0x0000000087900000, 0x0000000087900000| Untracked 
|  86|0x0000000087a00000, 0x0000000087a00000, 0x0000000087b00000|  0%| F|  |TAMS 0x0000000087a00000, 0x0000000087a00000| Untracked 
|  87|0x0000000087b00000, 0x0000000087b00000, 0x0000000087c00000|  0%| F|  |TAMS 0x0000000087b00000, 0x0000000087b00000| Untracked 
|  88|0x0000000087c00000, 0x0000000087c00000, 0x0000000087d00000|  0%| F|  |TAMS 0x0000000087c00000, 0x0000000087c00000| Untracked 
|  89|0x0000000087d00000, 0x0000000087d00000, 0x0000000087e00000|  0%| F|  |TAMS 0x0000000087d00000, 0x0000000087d00000| Untracked 
|  90|0x0000000087e00000, 0x0000000087e00000, 0x0000000087f00000|  0%| F|  |TAMS 0x0000000087e00000, 0x0000000087e00000| Untracked 
|  91|0x0000000087f00000, 0x0000000087f00000, 0x0000000088000000|  0%| F|  |TAMS 0x0000000087f00000, 0x0000000087f00000| Untracked 
|  92|0x0000000088000000, 0x0000000088000000, 0x0000000088100000|  0%| F|  |TAMS 0x0000000088000000, 0x0000000088000000| Untracked 
|  93|0x0000000088100000, 0x0000000088100000, 0x0000000088200000|  0%| F|  |TAMS 0x0000000088100000, 0x0000000088100000| Untracked 
|  94|0x0000000088200000, 0x0000000088200000, 0x0000000088300000|  0%| F|  |TAMS 0x0000000088200000, 0x0000000088200000| Untracked 
|  95|0x0000000088300000, 0x0000000088300000, 0x0000000088400000|  0%| F|  |TAMS 0x0000000088300000, 0x0000000088300000| Untracked 
|  96|0x0000000088400000, 0x0000000088400000, 0x0000000088500000|  0%| F|  |TAMS 0x0000000088400000, 0x0000000088400000| Untracked 
|  97|0x0000000088500000, 0x0000000088500000, 0x0000000088600000|  0%| F|  |TAMS 0x0000000088500000, 0x0000000088500000| Untracked 
|  98|0x0000000088600000, 0x0000000088600000, 0x0000000088700000|  0%| F|  |TAMS 0x0000000088600000, 0x0000000088600000| Untracked 
|  99|0x0000000088700000, 0x0000000088700000, 0x0000000088800000|  0%| F|  |TAMS 0x0000000088700000, 0x0000000088700000| Untracked 
| 100|0x0000000088800000, 0x0000000088800000, 0x0000000088900000|  0%| F|  |TAMS 0x0000000088800000, 0x0000000088800000| Untracked 
| 101|0x0000000088900000, 0x0000000088900000, 0x0000000088a00000|  0%| F|  |TAMS 0x0000000088900000, 0x0000000088900000| Untracked 
| 102|0x0000000088a00000, 0x0000000088a00000, 0x0000000088b00000|  0%| F|  |TAMS 0x0000000088a00000, 0x0000000088a00000| Untracked 
| 103|0x0000000088b00000, 0x0000000088b00000, 0x0000000088c00000|  0%| F|  |TAMS 0x0000000088b00000, 0x0000000088b00000| Untracked 
| 104|0x0000000088c00000, 0x0000000088c00000, 0x0000000088d00000|  0%| F|  |TAMS 0x0000000088c00000, 0x0000000088c00000| Untracked 
| 105|0x0000000088d00000, 0x0000000088d00000, 0x0000000088e00000|  0%| F|  |TAMS 0x0000000088d00000, 0x0000000088d00000| Untracked 
| 106|0x0000000088e00000, 0x0000000088e00000, 0x0000000088f00000|  0%| F|  |TAMS 0x0000000088e00000, 0x0000000088e00000| Untracked 
| 107|0x0000000088f00000, 0x0000000088f00000, 0x0000000089000000|  0%| F|  |TAMS 0x0000000088f00000, 0x0000000088f00000| Untracked 
| 108|0x0000000089000000, 0x0000000089000000, 0x0000000089100000|  0%| F|  |TAMS 0x0000000089000000, 0x0000000089000000| Untracked 
| 109|0x0000000089100000, 0x0000000089100000, 0x0000000089200000|  0%| F|  |TAMS 0x0000000089100000, 0x0000000089100000| Untracked 
| 110|0x0000000089200000, 0x0000000089200000, 0x0000000089300000|  0%| F|  |TAMS 0x0000000089200000, 0x0000000089200000| Untracked 
| 111|0x0000000089300000, 0x0000000089300000, 0x0000000089400000|  0%| F|  |TAMS 0x0000000089300000, 0x0000000089300000| Untracked 
| 112|0x0000000089400000, 0x0000000089400000, 0x0000000089500000|  0%| F|  |TAMS 0x0000000089400000, 0x0000000089400000| Untracked 
| 113|0x0000000089500000, 0x0000000089500000, 0x0000000089600000|  0%| F|  |TAMS 0x0000000089500000, 0x0000000089500000| Untracked 
| 114|0x0000000089600000, 0x0000000089600000, 0x0000000089700000|  0%| F|  |TAMS 0x0000000089600000, 0x0000000089600000| Untracked 
| 115|0x0000000089700000, 0x0000000089700000, 0x0000000089800000|  0%| F|  |TAMS 0x0000000089700000, 0x0000000089700000| Untracked 
| 116|0x0000000089800000, 0x0000000089800000, 0x0000000089900000|  0%| F|  |TAMS 0x0000000089800000, 0x0000000089800000| Untracked 
| 117|0x0000000089900000, 0x0000000089900000, 0x0000000089a00000|  0%| F|  |TAMS 0x0000000089900000, 0x0000000089900000| Untracked 
| 118|0x0000000089a00000, 0x0000000089a00000, 0x0000000089b00000|  0%| F|  |TAMS 0x0000000089a00000, 0x0000000089a00000| Untracked 
| 119|0x0000000089b00000, 0x0000000089b00000, 0x0000000089c00000|  0%| F|  |TAMS 0x0000000089b00000, 0x0000000089b00000| Untracked 
| 120|0x0000000089c00000, 0x0000000089c00000, 0x0000000089d00000|  0%| F|  |TAMS 0x0000000089c00000, 0x0000000089c00000| Untracked 
| 121|0x0000000089d00000, 0x0000000089d00000, 0x0000000089e00000|  0%| F|  |TAMS 0x0000000089d00000, 0x0000000089d00000| Untracked 
| 122|0x0000000089e00000, 0x0000000089e00000, 0x0000000089f00000|  0%| F|  |TAMS 0x0000000089e00000, 0x0000000089e00000| Untracked 
| 123|0x0000000089f00000, 0x0000000089f00000, 0x000000008a000000|  0%| F|  |TAMS 0x0000000089f00000, 0x0000000089f00000| Untracked 
| 124|0x000000008a000000, 0x000000008a0f6488, 0x000000008a100000| 96%| E|  |TAMS 0x000000008a000000, 0x000000008a000000| Complete 
| 125|0x000000008a100000, 0x000000008a200000, 0x000000008a200000|100%| E|CS|TAMS 0x000000008a100000, 0x000000008a100000| Complete 

Card table byte_map: [0x00000239b2570000,0x00000239b2960000] _byte_map_base: 0x00000239b215e000

Marking Bits (Prev, Next): (CMBitMap*) 0x000002399aa84678, (CMBitMap*) 0x000002399aa846b8
 Prev Bits: [0x00000239b2d50000, 0x00000239b4cc0000)
 Next Bits: [0x00000239b4cc0000, 0x00000239b6c30000)

Polling page: 0x0000023998900000

Metaspace:

Usage:
  Non-class:      4.08 MB capacity,   333.70 KB (  8%) used,     3.75 MB ( 92%) free+waste,   384 bytes ( <1%) overhead. 
      Class:    390.00 KB capacity,    17.84 KB (  5%) used,   371.91 KB ( 95%) free+waste,   256 bytes ( <1%) overhead. 
       Both:      4.46 MB capacity,   351.53 KB (  8%) used,     4.12 MB ( 92%) free+waste,   640 bytes ( <1%) overhead. 

Virtual space:
  Non-class space:        8.00 MB reserved,       4.25 MB ( 53%) committed 
      Class space:        1.00 GB reserved,     512.00 KB ( <1%) committed 
             Both:        1.01 GB reserved,       4.75 MB ( <1%) committed 

Chunk freelists:
   Non-Class:  6.00 KB
       Class:  0 bytes
        Both:  6.00 KB

CodeHeap 'non-profiled nmethods': size=120000Kb used=22Kb max_used=22Kb free=119977Kb
 bounds [0x00000239aa920000, 0x00000239aab90000, 0x00000239b1e50000]
CodeHeap 'profiled nmethods': size=120000Kb used=155Kb max_used=155Kb free=119844Kb
 bounds [0x00000239a33f0000, 0x00000239a3660000, 0x00000239aa920000]
CodeHeap 'non-nmethods': size=5760Kb used=1027Kb max_used=1038Kb free=4733Kb
 bounds [0x00000239a2e50000, 0x00000239a30c0000, 0x00000239a33f0000]
 total_blobs=435 nmethods=101 adapters=193
 compilation: enabled
              stopped_count=0, restarted_count=0
 full_count=0

Compilation events (10 events):
Event: 0.191 Thread 0x00000239b9fd9000   97       3       org.rosuda.JRI.Rengine::<init> (95 bytes)
Event: 0.191 Thread 0x00000239b9fd9000 nmethod 97 0x00000239a3414190 code [0x00000239a3414420, 0x00000239a34150b0]
Event: 0.208 Thread 0x00000239b96a3800   98 %     4       org.rosuda.JRI.Rengine::<init> @ 74 (95 bytes)
Event: 0.210 Thread 0x00000239b96a3800 nmethod 98% 0x00000239aa925490 code [0x00000239aa925640, 0x00000239aa925728]
Event: 0.336 Thread 0x00000239b9fd9000   99       3       sun.nio.cs.SingleByte$Encoder::encode (32 bytes)
Event: 0.337 Thread 0x00000239b9fd9000 nmethod 99 0x00000239a3415490 code [0x00000239a3415660, 0x00000239a3415898]
Event: 0.613 Thread 0x00000239b9fd9000  100       3       java.lang.String::startsWith (138 bytes)
Event: 0.614 Thread 0x00000239b9fd9000 nmethod 100 0x00000239a3415a10 code [0x00000239a3415c60, 0x00000239a3416698]
Event: 0.614 Thread 0x00000239b9fd9000  101       3       java.util.zip.ZipUtils::SH (21 bytes)
Event: 0.614 Thread 0x00000239b9fd9000 nmethod 101 0x00000239a3416990 code [0x00000239a3416b40, 0x00000239a3416cd8]

GC Heap History (0 events):
No events

Deoptimization events (1 events):
Event: 0.612 Thread 0x000002399aa46800 Uncommon trap: reason=unstable_if action=reinterpret pc=0x00000239aa9256c8 method=org.rosuda.JRI.Rengine.<init>([Ljava/lang/String;ZLorg/rosuda/JRI/RMainLoopCallbacks;)V @ 78 c2

Classes redefined (0 events):
No events

Internal exceptions (0 events):
No events

Events (10 events):
Event: 0.612 Thread 0x000002399aa46800 DEOPT PACKING pc=0x00000239aa9256c8 sp=0x00000064f5bff310
Event: 0.612 Thread 0x000002399aa46800 DEOPT UNPACKING pc=0x00000239a2e79baf sp=0x00000064f5bff2d0 mode 2
Event: 0.612 loading class org/rosuda/JRI/REXP
Event: 0.612 loading class org/rosuda/JRI/REXP done
Event: 0.613 Executing VM operation: Deoptimize
Event: 0.614 Executing VM operation: Deoptimize done
Event: 0.640 loading class java/io/BufferedReader
Event: 0.640 loading class java/io/BufferedReader done
Event: 0.640 loading class sun/nio/cs/StreamDecoder
Event: 0.640 loading class sun/nio/cs/StreamDecoder done


Dynamic libraries:
0x00007ff651f30000 - 0x00007ff651f3f000 	C:\Program Files\Java\jdk-12.0.2\bin\javaw.exe
0x00007ffb5a6b0000 - 0x00007ffb5a89d000 	C:\Windows\SYSTEM32\ntdll.dll
0x00007ffb58c80000 - 0x00007ffb58d33000 	C:\Windows\System32\KERNEL32.DLL
0x00007ffb573e0000 - 0x00007ffb57673000 	C:\Windows\System32\KERNELBASE.dll
0x00007ffb572e0000 - 0x00007ffb573dc000 	C:\Windows\System32\ucrtbase.dll
0x00007ffb4b400000 - 0x00007ffb4b418000 	C:\Program Files\Java\jdk-12.0.2\bin\jli.dll
0x00007ffb4b3e0000 - 0x00007ffb4b3f6000 	C:\Program Files\Java\jdk-12.0.2\bin\VCRUNTIME140.dll
0x00007ffb58d40000 - 0x00007ffb58de3000 	C:\Windows\System32\ADVAPI32.dll
0x00007ffb578f0000 - 0x00007ffb5798e000 	C:\Windows\System32\msvcrt.dll
0x00007ffb5a5e0000 - 0x00007ffb5a67e000 	C:\Windows\System32\sechost.dll
0x00007ffb584c0000 - 0x00007ffb585e3000 	C:\Windows\System32\RPCRT4.dll
0x00007ffb5a440000 - 0x00007ffb5a5d7000 	C:\Windows\System32\USER32.dll
0x00007ffb40640000 - 0x00007ffb408b9000 	C:\Windows\WinSxS\amd64_microsoft.windows.common-controls_6595b64144ccf1df_6.0.17763.168_none_05b737f6071d80ab\COMCTL32.dll
0x00007ffb56b70000 - 0x00007ffb56b90000 	C:\Windows\System32\win32u.dll
0x00007ffb57990000 - 0x00007ffb579b9000 	C:\Windows\System32\GDI32.dll
0x00007ffb580e0000 - 0x00007ffb5840d000 	C:\Windows\System32\combase.dll
0x00007ffb569d0000 - 0x00007ffb56b6a000 	C:\Windows\System32\gdi32full.dll
0x00007ffb56850000 - 0x00007ffb568f0000 	C:\Windows\System32\msvcp_win.dll
0x00007ffb57860000 - 0x00007ffb578de000 	C:\Windows\System32\bcryptPrimitives.dll
0x00007ffb48970000 - 0x00007ffb4897a000 	C:\Windows\SYSTEM32\VERSION.dll
0x00007ffb58b80000 - 0x00007ffb58bae000 	C:\Windows\System32\IMM32.DLL
0x00007ffb44dc0000 - 0x00007ffb44e6a000 	C:\Program Files\Java\jdk-12.0.2\bin\msvcp140.dll
0x00007ffaf59b0000 - 0x00007ffaf6527000 	C:\Program Files\Java\jdk-12.0.2\bin\server\jvm.dll
0x00007ffb578e0000 - 0x00007ffb578e8000 	C:\Windows\System32\PSAPI.DLL
0x00007ffb51200000 - 0x00007ffb51224000 	C:\Windows\SYSTEM32\WINMM.dll
0x00007ffb38340000 - 0x00007ffb38349000 	C:\Windows\SYSTEM32\WSOCK32.dll
0x00007ffb58b10000 - 0x00007ffb58b7d000 	C:\Windows\System32\WS2_32.dll
0x00007ffb50e60000 - 0x00007ffb50e8d000 	C:\Windows\SYSTEM32\WINMMBASE.dll
0x00007ffb56920000 - 0x00007ffb5696a000 	C:\Windows\System32\cfgmgr32.dll
0x00007ffb566b0000 - 0x00007ffb566c1000 	C:\Windows\System32\kernel.appcore.dll
0x00007ffb48be0000 - 0x00007ffb48bf1000 	C:\Program Files\Java\jdk-12.0.2\bin\verify.dll
0x00007ffb51f30000 - 0x00007ffb5211d000 	C:\Windows\SYSTEM32\DBGHELP.DLL
0x00007ffb39990000 - 0x00007ffb399ba000 	C:\Windows\SYSTEM32\dbgcore.DLL
0x00007ffb48210000 - 0x00007ffb48236000 	C:\Program Files\Java\jdk-12.0.2\bin\java.dll
0x00007ffb48520000 - 0x00007ffb48537000 	C:\Program Files\Java\jdk-12.0.2\bin\zip.dll
0x00007ffb48200000 - 0x00007ffb4820a000 	C:\Program Files\Java\jdk-12.0.2\bin\jimage.dll
0x00007ffb58f50000 - 0x00007ffb5a43f000 	C:\Windows\System32\SHELL32.dll
0x00007ffb57a20000 - 0x00007ffb57ac8000 	C:\Windows\System32\shcore.dll
0x00007ffb56b90000 - 0x00007ffb572da000 	C:\Windows\System32\windows.storage.dll
0x00007ffb56750000 - 0x00007ffb56774000 	C:\Windows\System32\profapi.dll
0x00007ffb566d0000 - 0x00007ffb5672d000 	C:\Windows\System32\powrprof.dll
0x00007ffb589e0000 - 0x00007ffb58a32000 	C:\Windows\System32\shlwapi.dll
0x00007ffb56830000 - 0x00007ffb56847000 	C:\Windows\System32\cryptsp.dll
0x00007ffb46170000 - 0x00007ffb46189000 	C:\Program Files\Java\jdk-12.0.2\bin\net.dll
0x00007ffb44870000 - 0x00007ffb44961000 	C:\Windows\SYSTEM32\WINHTTP.dll
0x00007ffb44520000 - 0x00007ffb446f7000 	C:\Windows\SYSTEM32\urlmon.dll
0x00007ffb42ae0000 - 0x00007ffb42d88000 	C:\Windows\SYSTEM32\iertutil.dll
0x00007ffb56110000 - 0x00007ffb5611c000 	C:\Windows\SYSTEM32\CRYPTBASE.DLL
0x00007ffb55f40000 - 0x00007ffb55fa7000 	C:\Windows\system32\mswsock.dll
0x00007ffb43a10000 - 0x00007ffb43a23000 	C:\Program Files\Java\jdk-12.0.2\bin\nio.dll
0x0000000062d80000 - 0x0000000062d97000 	C:\Program Files\Java\jdk-12.0.2\bin\jri.dll
0x000000006c700000 - 0x000000006e5a5000 	C:\Program Files\Java\jdk-12.0.2\bin\R.dll
0x00000000641c0000 - 0x00000000641d6000 	C:\Program Files\Java\jdk-12.0.2\bin\Riconv.dll
0x0000000064e80000 - 0x0000000064ed2000 	C:\Program Files\Java\jdk-12.0.2\bin\Rblas.dll
0x0000000063540000 - 0x00000000635a1000 	C:\Program Files\Java\jdk-12.0.2\bin\Rgraphapp.dll
0x00007ffb58680000 - 0x00007ffb587a7000 	C:\Windows\System32\comdlg32.dll
0x00007ffb42950000 - 0x00007ffb42957000 	C:\Windows\SYSTEM32\MSIMG32.dll
0x00007ffb51830000 - 0x00007ffb518cc000 	C:\Windows\system32\uxtheme.dll
0x0000000064a40000 - 0x0000000064a54000 	C:\Program Files\R\R-3.6.1\library\methods\libs\x64\methods.dll
0x000000006e5c0000 - 0x000000006e5ed000 	C:\Program Files\R\R-3.6.1\library\utils\libs\x64\utils.dll
0x000000006fc80000 - 0x000000006fdaa000 	C:\Program Files\R\R-3.6.1\library\grDevices\libs\x64\grDevices.dll
0x0000000063740000 - 0x0000000063792000 	C:\Program Files\R\R-3.6.1\library\graphics\libs\x64\graphics.dll
0x0000000071100000 - 0x00000000711a8000 	C:\Program Files\R\R-3.6.1\library\stats\libs\x64\stats.dll
0x0000000000720000 - 0x00000000009e2000 	C:\Program Files\Java\jdk-12.0.2\bin\Rlapack.dll

dbghelp: loaded successfully - version: 4.0.5 - missing functions: none
symbol engine: initialized successfully - sym options: 0x614 - pdb path: .;C:\Program Files\Java\jdk-12.0.2\bin;C:\Windows\SYSTEM32;C:\Windows\WinSxS\amd64_microsoft.windows.common-controls_6595b64144ccf1df_6.0.17763.168_none_05b737f6071d80ab;C:\Program Files\Java\jdk-12.0.2\bin\server;C:\Program Files\R\R-3.6.1\library\methods\libs\x64;C:\Program Files\R\R-3.6.1\library\utils\libs\x64;C:\Program Files\R\R-3.6.1\library\grDevices\libs\x64;C:\Program Files\R\R-3.6.1\library\graphics\libs\x64;C:\Program Files\R\R-3.6.1\library\stats\libs\x64

VM Arguments:
jvm_args: -Djava.library.path=C:\Users\giova\Documents\R\win-library\3.6\rJava\jri -Dfile.encoding=Cp1252 
java_command: com.project.program.Main
java_class_path (initial): C:\Users\giova\OneDrive\Desktop\old-eclipse-workspace\PR-Project\bin;C:\Users\giova\Documents\R\win-library\3.6\rJava\jri\JRI.jar
Launcher Type: SUN_STANDARD

[Global flags]
     intx CICompilerCount                          = 4                                         {product} {ergonomic}
     uint ConcGCThreads                            = 2                                         {product} {ergonomic}
     uint G1ConcRefinementThreads                  = 8                                         {product} {ergonomic}
   size_t G1HeapRegionSize                         = 1048576                                   {product} {ergonomic}
    uintx GCDrainStackTargetSize                   = 64                                        {product} {ergonomic}
   size_t InitialHeapSize                          = 132120576                                 {product} {ergonomic}
   size_t MarkStackSize                            = 4194304                                   {product} {ergonomic}
   size_t MaxHeapSize                              = 2109734912                                {product} {ergonomic}
   size_t MaxNewSize                               = 1265631232                                {product} {ergonomic}
   size_t MinHeapDeltaBytes                        = 1048576                                   {product} {ergonomic}
    uintx NonNMethodCodeHeapSize                   = 5836300                                {pd product} {ergonomic}
    uintx NonProfiledCodeHeapSize                  = 122910970                              {pd product} {ergonomic}
    uintx ProfiledCodeHeapSize                     = 122910970                              {pd product} {ergonomic}
    uintx ReservedCodeCacheSize                    = 251658240                              {pd product} {ergonomic}
     bool SegmentedCodeCache                       = true                                      {product} {ergonomic}
     bool UseCompressedClassPointers               = true                                 {lp64_product} {ergonomic}
     bool UseCompressedOops                        = true                                 {lp64_product} {ergonomic}
     bool UseG1GC                                  = true                                      {product} {ergonomic}
     bool UseLargePagesIndividualAllocation        = false                                  {pd product} {ergonomic}

Logging:
Log output configuration:
 #0: stdout all=warning uptime,level,tags
 #1: stderr all=off uptime,level,tags

Environment Variables:
PATH=C:/Program Files/Java/jdk-12.0.2/bin/server;C:/Program Files/Java/jdk-12.0.2/bin;C:\Windows\system32;C:\Windows;C:\Windows\System32\Wbem;C:\Windows\System32\WindowsPowerShell\v1.0\;C:\Windows\System32\OpenSSH\;C:\Program Files (x86)\NVIDIA Corporation\PhysX\Common;C:\Program Files\Intel\WiFi\bin\;C:\Program Files\Common Files\Intel\WirelessCommon\;C:\Program Files\Java\jdk-12.0.2\bin;C:\Users\giova\Documents\R\win-library\3.6\rJava\jri\x64;C:\Program Files\R\R-3.6.1\bin\x64;C:\Program Files\Git\cmd;C:\Users\giova\AppData\Local\Microsoft\WindowsApps;C:\Program Files\Java\jdk-12.0.2\bin;C:\Users\giova\Documents\R\win-library\3.6\rJava\jri\x64;C:\Program Files\R\R-3.6.1\bin\x64;;C:\Windows\System32;
USERNAME=giova
OS=Windows_NT
PROCESSOR_IDENTIFIER=Intel64 Family 6 Model 142 Stepping 11, GenuineIntel



---------------  S Y S T E M  ---------------

OS: Windows 10 , 64 bit Build 17763 (10.0.17763.1)

CPU:total 8 (initial active 8) (4 cores per cpu, 2 threads per core) family 6 model 142 stepping 11, cmov, cx8, fxsr, mmx, sse, sse2, sse3, ssse3, sse4.1, sse4.2, popcnt, avx, avx2, aes, clmul, erms, 3dnowpref, lzcnt, ht, tsc, tscinvbit, bmi1, bmi2, adx, fma

Memory: 4k page, system-wide physical 8043M (3482M free)
TotalPageFile size 9963M (AvailPageFile size 4213M)
current process WorkingSet (physical memory assigned to process): 66M, peak: 66M
current process commit charge ("private bytes"): 270M, peak: 271M

vm_info: Java HotSpot(TM) 64-Bit Server VM (12.0.2+10) for windows-amd64 JRE (12.0.2+10), built on Jul 16 2019 01:56:17 by "mach5one" with MS VC++ 15.5 (VS2017)

END.
